[2015-49-08 10:49:39.936] 
FAILURE: test
[2015-49-08 10:49:39.937] 
FAILURE: test
[2015-49-08 10:49:39.937] 
FAILURE: test
[2015-49-08 10:49:39.937] 
FAILURE: test
[2015-49-08 10:49:39.937] 
FAILURE: test
[2015-49-08 10:49:39.937] 
FAILURE: test
[2015-49-08 10:49:39.938] 
FAILURE: test
[2015-49-08 10:49:39.938] 
FAILURE: test
[2015-49-08 10:49:39.938] 
FAILURE: test
[2015-49-08 10:49:39.938] 
FAILURE: test
[2015-49-08 10:49:39.938] 
FAILURE: test
[2015-49-08 10:49:39.938] 
FAILURE: test
[2015-49-08 10:49:39.938] 
FAILURE: test
[2015-49-08 10:49:39.939] 
FAILURE: test
[2015-49-08 10:49:39.939] 
FAILURE: test
[2015-49-08 10:49:39.939] 
FAILURE: test
[2015-49-08 10:49:39.939] 
FAILURE: test
[2015-49-08 10:49:39.939] 
FAILURE: test
[2015-49-08 10:49:39.939] 
FAILURE: test
[2015-49-08 10:49:39.940] 
FAILURE: test
[2015-49-08 10:49:39.940] 
FAILURE: test
[2015-49-08 10:49:39.940] 
FAILURE: test
[2015-49-08 10:49:39.940] 
FAILURE: test
[2015-49-08 10:49:39.940] 
FAILURE: test
[2015-49-08 10:49:39.940] 
FAILURE: test
[2015-49-08 10:49:39.941] 
FAILURE: test
[2015-49-08 10:49:39.941] 
FAILURE: test
[2015-49-08 10:49:39.941] 
FAILURE: test
[2015-49-08 10:49:39.941] 
FAILURE: test
[2015-49-08 10:49:39.941] 
FAILURE: test
[2015-49-08 10:49:39.941] 
FAILURE: test
[2015-49-08 10:49:39.941] 
FAILURE: test
[2015-49-08 10:49:39.947] 
FAILURE: test
[2015-49-08 10:49:39.947] 
FAILURE: test
[2015-49-08 10:49:39.948] 
FAILURE: test
[2015-49-08 10:49:39.948] 
FAILURE: test
[2015-49-08 10:49:39.948] 
FAILURE: test
[2015-49-08 10:49:39.948] 
FAILURE: test
[2015-49-08 10:49:39.948] 
FAILURE: test
[2015-49-08 10:49:39.948] 
FAILURE: test
[2015-49-08 10:49:39.948] 
FAILURE: test
[2015-49-08 10:49:39.949] 
FAILURE: test
[2015-49-08 10:49:39.949] 
FAILURE: test
[2015-49-08 10:49:39.949] 
FAILURE: test
[2015-49-08 10:49:39.949] 
FAILURE: test
[2015-49-08 10:49:39.949] 
FAILURE: test
[2015-49-08 10:49:39.949] 
FAILURE: test
[2015-49-08 10:49:39.949] 
FAILURE: test
[2015-49-08 10:49:39.950] 
FAILURE: test
[2015-49-08 10:49:39.950] 
FAILURE: test
[2015-49-08 10:49:39.950] 
FAILURE: test
[2015-49-08 10:49:39.950] 
FAILURE: test
[2015-49-08 10:49:39.950] 
FAILURE: test
[2015-49-08 10:49:39.950] 
FAILURE: test
[2015-49-08 10:49:39.950] 
FAILURE: test
[2015-49-08 10:49:39.951] 
FAILURE: test
[2015-49-08 10:49:39.951] 
FAILURE: test
[2015-49-08 10:49:39.951] 
FAILURE: test
[2015-49-08 10:49:39.951] 
FAILURE: test
[2015-49-08 10:49:39.951] 
FAILURE: test
[2015-49-08 10:49:39.951] 
FAILURE: test
[2015-49-08 10:49:39.951] 
FAILURE: test
[2015-49-08 10:49:39.952] 
FAILURE: test
[2015-49-08 10:49:39.952] 
FAILURE: test
[2015-49-08 10:49:39.952] 
FAILURE: test
[2015-49-08 10:49:39.952] 
FAILURE: test
[2015-49-08 10:49:39.952] 
FAILURE: test
[2015-49-08 10:49:39.952] 
FAILURE: test
[2015-51-08 10:51:39.420] 
FAILURE: test
[2015-51-08 10:51:39.422] 
FAILURE: test
[2015-51-08 10:51:39.422] 
FAILURE: test
[2015-51-08 10:51:39.422] 
FAILURE: test
[2015-51-08 10:51:39.422] 
FAILURE: test
[2015-51-08 10:51:39.422] 
FAILURE: test
[2015-51-08 10:51:39.423] 
FAILURE: test
[2015-51-08 10:51:39.423] 
FAILURE: test
[2015-51-08 10:51:39.423] 
FAILURE: test
[2015-51-08 10:51:39.424] 
FAILURE: test
[2015-51-08 10:51:39.425] 
FAILURE: test
[2015-51-08 10:51:39.425] 
FAILURE: test
[2015-51-08 10:51:39.425] 
FAILURE: test
[2015-51-08 10:51:39.425] 
FAILURE: test
[2015-51-08 10:51:39.426] 
FAILURE: test
[2015-51-08 10:51:39.426] 
FAILURE: test
[2015-51-08 10:51:39.426] 
FAILURE: test
[2015-51-08 10:51:39.426] 
FAILURE: test
[2015-51-08 10:51:39.427] 
FAILURE: test
[2015-51-08 10:51:39.427] 
FAILURE: test
[2015-51-08 10:51:39.427] 
FAILURE: test
[2015-51-08 10:51:39.429] 
FAILURE: test
[2015-51-08 10:51:39.429] 
FAILURE: test
[2015-51-08 10:51:39.429] 
FAILURE: test
[2015-51-08 10:51:39.429] 
FAILURE: test
[2015-51-08 10:51:39.429] 
FAILURE: test
[2015-51-08 10:51:39.429] 
FAILURE: test
[2015-51-08 10:51:39.430] 
FAILURE: test
[2015-51-08 10:51:39.430] 
FAILURE: test
[2015-51-08 10:51:39.430] 
FAILURE: test
[2015-51-08 10:51:39.430] 
FAILURE: test
[2015-51-08 10:51:39.431] 
FAILURE: test
[2015-51-08 10:51:39.431] 
FAILURE: test
[2015-51-08 10:51:39.431] 
FAILURE: test
[2015-51-08 10:51:39.431] 
FAILURE: test
[2015-51-08 10:51:39.431] 
FAILURE: test
[2015-51-08 10:51:39.431] 
FAILURE: test
[2015-51-08 10:51:39.431] 
FAILURE: test
[2015-51-08 10:51:39.432] 
FAILURE: test
[2015-51-08 10:51:39.432] 
FAILURE: test
[2015-51-08 10:51:39.432] 
FAILURE: test
[2015-51-08 10:51:39.432] 
FAILURE: test
[2015-51-08 10:51:39.432] 
FAILURE: test
[2015-51-08 10:51:39.432] 
FAILURE: test
[2015-51-08 10:51:39.433] 
FAILURE: test
[2015-51-08 10:51:39.433] 
FAILURE: test
[2015-51-08 10:51:39.433] 
FAILURE: test
[2015-51-08 10:51:39.433] 
FAILURE: test
[2015-51-08 10:51:39.433] 
FAILURE: test
[2015-51-08 10:51:39.433] 
FAILURE: test
[2015-51-08 10:51:39.433] 
FAILURE: test
[2015-51-08 10:51:39.434] 
FAILURE: test
[2015-51-08 10:51:39.434] 
FAILURE: test
[2015-51-08 10:51:39.434] 
FAILURE: test
[2015-51-08 10:51:39.434] 
FAILURE: test
[2015-51-08 10:51:39.434] 
FAILURE: test
[2015-51-08 10:51:39.434] 
FAILURE: test
[2015-51-08 10:51:39.434] 
FAILURE: test
[2015-51-08 10:51:39.435] 
FAILURE: test
[2015-51-08 10:51:39.435] 
FAILURE: test
[2015-51-08 10:51:39.435] 
FAILURE: test
[2015-51-08 10:51:39.435] 
FAILURE: test
[2015-51-08 10:51:39.435] 
FAILURE: test
[2015-51-08 10:51:39.435] 
FAILURE: test
[2015-51-08 10:51:39.435] 
FAILURE: test
[2015-51-08 10:51:39.436] 
FAILURE: test
[2015-51-08 10:51:39.436] 
FAILURE: test
[2015-51-08 10:51:39.436] 
FAILURE: test
[2019-00-20 06:00:41.216] 
FAILURE: java.lang.NullPointerException
[2019-00-20 06:00:41.218] 
FAILURE: java.lang.NullPointerException
[2019-00-20 06:00:41.219] 
FAILURE: java.lang.NullPointerException
[2019-00-20 06:00:41.220] 
FAILURE: java.lang.NullPointerException
[2019-00-20 06:00:41.221] 
FAILURE: java.lang.NullPointerException
[2019-00-20 06:00:41.223] 
FAILURE: java.lang.NullPointerException
[2019-00-20 06:00:41.223] 
FAILURE: java.lang.NullPointerException
[2019-00-20 06:00:41.224] 
FAILURE: java.lang.NullPointerException
[2019-00-20 06:00:41.225] 
FAILURE: java.lang.NullPointerException
[2019-55-21 10:55:35.833] 
FAILURE: java.io.FileNotFoundException: src\src\main\java\nl\han\ica\HazardBattle\media\soldierKilled.txt (Het systeem kan het opgegeven pad niet vinden)
[2019-55-21 10:55:39.825] 
FAILURE: java.io.FileNotFoundException: src\src\main\java\nl\han\ica\HazardBattle\media\soldierKilled.txt (Het systeem kan het opgegeven pad niet vinden)
[2019-55-21 10:55:40.358] 
FAILURE: java.io.FileNotFoundException: src\src\main\java\nl\han\ica\HazardBattle\media\soldierKilled.txt (Het systeem kan het opgegeven pad niet vinden)
[2019-55-21 10:55:43.529] 
FAILURE: java.io.FileNotFoundException: src\src\main\java\nl\han\ica\HazardBattle\media\soldierKilled.txt (Het systeem kan het opgegeven pad niet vinden)
[2019-27-25 08:27:33.97] 
FAILURE: java.io.FileNotFoundException: src\src\main\java\nl\han\ica\HazardBattle\media\soldierKilled.txt (Het systeem kan het opgegeven pad niet vinden)
[2019-27-25 08:27:34.542] 
FAILURE: java.io.FileNotFoundException: src\src\main\java\nl\han\ica\HazardBattle\media\soldierKilled.txt (Het systeem kan het opgegeven pad niet vinden)
[2019-28-25 08:28:05.530] 
FAILURE: java.io.FileNotFoundException: src\src\main\java\nl\han\ica\HazardBattle\media\soldierKilled.txt (Het systeem kan het opgegeven pad niet vinden)
[2019-28-25 08:28:08.239] 
FAILURE: java.io.FileNotFoundException: src\src\main\java\nl\han\ica\HazardBattle\media\soldierKilled.txt (Het systeem kan het opgegeven pad niet vinden)
[2019-28-25 08:28:11.122] 
FAILURE: java.io.FileNotFoundException: src\src\main\java\nl\han\ica\HazardBattle\media\soldierKilled.txt (Het systeem kan het opgegeven pad niet vinden)
[2019-28-25 08:28:13.287] 
FAILURE: java.io.FileNotFoundException: src\src\main\java\nl\han\ica\HazardBattle\media\soldierKilled.txt (Het systeem kan het opgegeven pad niet vinden)
[2019-28-25 08:28:14.171] 
FAILURE: java.io.FileNotFoundException: src\src\main\java\nl\han\ica\HazardBattle\media\soldierKilled.txt (Het systeem kan het opgegeven pad niet vinden)
[2019-40-25 08:40:31.969] 
FAILURE: java.io.FileNotFoundException: src\src\main\java\nl\han\ica\HazardBattle\media\soldierKilled.txt (Het systeem kan het opgegeven pad niet vinden)
[2019-40-25 08:40:34.517] 
FAILURE: java.io.FileNotFoundException: src\src\main\java\nl\han\ica\HazardBattle\media\soldierKilled.txt (Het systeem kan het opgegeven pad niet vinden)
[2019-40-25 08:40:35.938] 
FAILURE: java.io.FileNotFoundException: src\src\main\java\nl\han\ica\HazardBattle\media\soldierKilled.txt (Het systeem kan het opgegeven pad niet vinden)
[2019-40-25 08:40:37.795] 
FAILURE: java.io.FileNotFoundException: src\src\main\java\nl\han\ica\HazardBattle\media\soldierKilled.txt (Het systeem kan het opgegeven pad niet vinden)
[2019-40-25 08:40:40.352] 
FAILURE: java.io.FileNotFoundException: src\src\main\java\nl\han\ica\HazardBattle\media\soldierKilled.txt (Het systeem kan het opgegeven pad niet vinden)
[2019-40-25 08:40:44.497] 
FAILURE: java.io.FileNotFoundException: src\src\main\java\nl\han\ica\HazardBattle\media\soldierKilled.txt (Het systeem kan het opgegeven pad niet vinden)
[2019-40-25 08:40:45.261] 
FAILURE: java.io.FileNotFoundException: src\src\main\java\nl\han\ica\HazardBattle\media\soldierKilled.txt (Het systeem kan het opgegeven pad niet vinden)
[2019-40-25 08:40:46.980] 
FAILURE: java.io.FileNotFoundException: src\src\main\java\nl\han\ica\HazardBattle\media\soldierKilled.txt (Het systeem kan het opgegeven pad niet vinden)
[2019-40-25 08:40:49.296] 
FAILURE: java.io.FileNotFoundException: src\src\main\java\nl\han\ica\HazardBattle\media\soldierKilled.txt (Het systeem kan het opgegeven pad niet vinden)
[2019-40-25 08:40:50.228] 
FAILURE: java.io.FileNotFoundException: src\src\main\java\nl\han\ica\HazardBattle\media\soldierKilled.txt (Het systeem kan het opgegeven pad niet vinden)
[2019-40-25 08:40:52.376] 
FAILURE: java.io.FileNotFoundException: src\src\main\java\nl\han\ica\HazardBattle\media\soldierKilled.txt (Het systeem kan het opgegeven pad niet vinden)
[2019-28-25 03:28:55.87] 
FAILURE: java.io.FileNotFoundException: src\src\main\java\nl\han\ica\HazardBattle\media\soldierKilled.txt (Het systeem kan het opgegeven pad niet vinden)
[2019-28-25 03:28:56.801] 
FAILURE: java.io.FileNotFoundException: src\src\main\java\nl\han\ica\HazardBattle\media\soldierKilled.txt (Het systeem kan het opgegeven pad niet vinden)
[2019-29-25 03:29:00.685] 
FAILURE: java.io.FileNotFoundException: src\src\main\java\nl\han\ica\HazardBattle\media\soldierKilled.txt (Het systeem kan het opgegeven pad niet vinden)
[2019-29-25 03:29:01.591] 
FAILURE: java.io.FileNotFoundException: src\src\main\java\nl\han\ica\HazardBattle\media\soldierKilled.txt (Het systeem kan het opgegeven pad niet vinden)
[2019-29-25 03:29:04.167] 
FAILURE: java.io.FileNotFoundException: src\src\main\java\nl\han\ica\HazardBattle\media\soldierKilled.txt (Het systeem kan het opgegeven pad niet vinden)
[2019-29-25 03:29:11.782] 
FAILURE: java.io.FileNotFoundException: src\src\main\java\nl\han\ica\HazardBattle\media\soldierKilled.txt (Het systeem kan het opgegeven pad niet vinden)
[2019-29-25 03:29:11.815] 
FAILURE: java.io.FileNotFoundException: src\src\main\java\nl\han\ica\HazardBattle\media\soldierKilled.txt (Het systeem kan het opgegeven pad niet vinden)
[2019-29-25 03:29:12.762] 
FAILURE: java.io.FileNotFoundException: src\src\main\java\nl\han\ica\HazardBattle\media\soldierKilled.txt (Het systeem kan het opgegeven pad niet vinden)
[2019-29-25 03:29:14.598] 
FAILURE: java.io.FileNotFoundException: src\src\main\java\nl\han\ica\HazardBattle\media\soldierKilled.txt (Het systeem kan het opgegeven pad niet vinden)
[2019-29-25 03:29:16.212] 
FAILURE: java.io.FileNotFoundException: src\src\main\java\nl\han\ica\HazardBattle\media\soldierKilled.txt (Het systeem kan het opgegeven pad niet vinden)
[2019-38-25 03:38:22.280] 
FAILURE: java.io.FileNotFoundException: src\src\main\java\nl\han\ica\HazardBattle\media\soldierKilled.txt (Het systeem kan het opgegeven pad niet vinden)
[2019-38-25 03:38:23.437] 
FAILURE: java.io.FileNotFoundException: src\src\main\java\nl\han\ica\HazardBattle\media\soldierKilled.txt (Het systeem kan het opgegeven pad niet vinden)
[2019-38-25 03:38:25.980] 
FAILURE: java.io.FileNotFoundException: src\src\main\java\nl\han\ica\HazardBattle\media\soldierKilled.txt (Het systeem kan het opgegeven pad niet vinden)
[2019-38-25 03:38:28.772] 
FAILURE: java.io.FileNotFoundException: src\src\main\java\nl\han\ica\HazardBattle\media\soldierKilled.txt (Het systeem kan het opgegeven pad niet vinden)
[2019-49-28 10:49:01.421] 
FAILURE: java.io.FileNotFoundException: src\src\main\java\nl\han\ica\HazardBattle\media\soldierKilled.txt (Het systeem kan het opgegeven pad niet vinden)
[2019-49-28 10:49:03.926] 
FAILURE: java.io.FileNotFoundException: src\src\main\java\nl\han\ica\HazardBattle\media\soldierKilled.txt (Het systeem kan het opgegeven pad niet vinden)
[2019-49-28 10:49:07.118] 
FAILURE: java.io.FileNotFoundException: src\src\main\java\nl\han\ica\HazardBattle\media\soldierKilled.txt (Het systeem kan het opgegeven pad niet vinden)
[2019-49-28 10:49:08.956] 
FAILURE: java.io.FileNotFoundException: src\src\main\java\nl\han\ica\HazardBattle\media\soldierKilled.txt (Het systeem kan het opgegeven pad niet vinden)
[2019-49-28 10:49:11.390] 
FAILURE: java.io.FileNotFoundException: src\src\main\java\nl\han\ica\HazardBattle\media\soldierKilled.txt (Het systeem kan het opgegeven pad niet vinden)
[2019-05-28 11:05:40.567] 
FAILURE: java.io.FileNotFoundException: src\src\main\java\nl\han\ica\HazardBattle\media\soldierKilled.txt (Het systeem kan het opgegeven pad niet vinden)
[2019-05-28 11:05:43.122] 
FAILURE: java.io.FileNotFoundException: src\src\main\java\nl\han\ica\HazardBattle\media\soldierKilled.txt (Het systeem kan het opgegeven pad niet vinden)
[2019-05-28 11:05:44.822] 
FAILURE: java.io.FileNotFoundException: src\src\main\java\nl\han\ica\HazardBattle\media\soldierKilled.txt (Het systeem kan het opgegeven pad niet vinden)
[2019-05-28 11:05:47.63] 
FAILURE: java.io.FileNotFoundException: src\src\main\java\nl\han\ica\HazardBattle\media\soldierKilled.txt (Het systeem kan het opgegeven pad niet vinden)
[2019-05-28 11:05:50.919] 
FAILURE: java.io.FileNotFoundException: src\src\main\java\nl\han\ica\HazardBattle\media\soldierKilled.txt (Het systeem kan het opgegeven pad niet vinden)
[2019-05-28 11:05:52.401] 
FAILURE: java.io.FileNotFoundException: src\src\main\java\nl\han\ica\HazardBattle\media\soldierKilled.txt (Het systeem kan het opgegeven pad niet vinden)
[2019-58-28 12:58:08.897] 
FAILURE: java.io.FileNotFoundException: src\src\main\java\nl\han\ica\HazardBattle\media\soldierKilled.txt (Het systeem kan het opgegeven pad niet vinden)
[2019-58-28 12:58:10.967] 
FAILURE: java.io.FileNotFoundException: src\src\main\java\nl\han\ica\HazardBattle\media\soldierKilled.txt (Het systeem kan het opgegeven pad niet vinden)
[2019-58-28 12:58:13.541] 
FAILURE: java.io.FileNotFoundException: src\src\main\java\nl\han\ica\HazardBattle\media\soldierKilled.txt (Het systeem kan het opgegeven pad niet vinden)
[2019-58-28 12:58:16.476] 
FAILURE: java.io.FileNotFoundException: src\src\main\java\nl\han\ica\HazardBattle\media\soldierKilled.txt (Het systeem kan het opgegeven pad niet vinden)
[2019-58-28 12:58:18.761] 
FAILURE: java.io.FileNotFoundException: src\src\main\java\nl\han\ica\HazardBattle\media\soldierKilled.txt (Het systeem kan het opgegeven pad niet vinden)
[2019-58-28 12:58:26.708] 
FAILURE: java.io.FileNotFoundException: src\src\main\java\nl\han\ica\HazardBattle\media\soldierKilled.txt (Het systeem kan het opgegeven pad niet vinden)
[2019-58-28 12:58:46.476] 
FAILURE: java.io.FileNotFoundException: src\src\main\java\nl\han\ica\HazardBattle\media\soldierKilled.txt (Het systeem kan het opgegeven pad niet vinden)
[2019-58-28 12:58:49.632] 
FAILURE: java.io.FileNotFoundException: src\src\main\java\nl\han\ica\HazardBattle\media\soldierKilled.txt (Het systeem kan het opgegeven pad niet vinden)
[2019-58-28 12:58:51.94] 
FAILURE: java.io.FileNotFoundException: src\src\main\java\nl\han\ica\HazardBattle\media\soldierKilled.txt (Het systeem kan het opgegeven pad niet vinden)
[2019-58-28 12:58:53.765] 
FAILURE: java.io.FileNotFoundException: src\src\main\java\nl\han\ica\HazardBattle\media\soldierKilled.txt (Het systeem kan het opgegeven pad niet vinden)
[2019-58-28 12:58:54.30] 
FAILURE: java.io.FileNotFoundException: src\src\main\java\nl\han\ica\HazardBattle\media\soldierKilled.txt (Het systeem kan het opgegeven pad niet vinden)
[2019-58-28 12:58:56.662] 
FAILURE: java.io.FileNotFoundException: src\src\main\java\nl\han\ica\HazardBattle\media\soldierKilled.txt (Het systeem kan het opgegeven pad niet vinden)
[2019-58-28 12:58:59.462] 
FAILURE: java.io.FileNotFoundException: src\src\main\java\nl\han\ica\HazardBattle\media\soldierKilled.txt (Het systeem kan het opgegeven pad niet vinden)
[2019-59-28 12:59:01.612] 
FAILURE: java.io.FileNotFoundException: src\src\main\java\nl\han\ica\HazardBattle\media\soldierKilled.txt (Het systeem kan het opgegeven pad niet vinden)
[2019-59-28 12:59:03.210] 
FAILURE: java.io.FileNotFoundException: src\src\main\java\nl\han\ica\HazardBattle\media\soldierKilled.txt (Het systeem kan het opgegeven pad niet vinden)
[2019-00-28 01:00:29.831] 
FAILURE: java.io.FileNotFoundException: src\src\main\java\nl\han\ica\HazardBattle\media\soldierKilled.txt (Het systeem kan het opgegeven pad niet vinden)
[2019-00-28 01:00:31.966] 
FAILURE: java.io.FileNotFoundException: src\src\main\java\nl\han\ica\HazardBattle\media\soldierKilled.txt (Het systeem kan het opgegeven pad niet vinden)
[2019-00-28 01:00:32.811] 
FAILURE: java.io.FileNotFoundException: src\src\main\java\nl\han\ica\HazardBattle\media\soldierKilled.txt (Het systeem kan het opgegeven pad niet vinden)
[2019-00-28 01:00:34.480] 
FAILURE: java.io.FileNotFoundException: src\src\main\java\nl\han\ica\HazardBattle\media\soldierKilled.txt (Het systeem kan het opgegeven pad niet vinden)
[2019-00-28 01:00:36.826] 
FAILURE: java.io.FileNotFoundException: src\src\main\java\nl\han\ica\HazardBattle\media\soldierKilled.txt (Het systeem kan het opgegeven pad niet vinden)
[2019-00-28 01:00:38.860] 
FAILURE: java.io.FileNotFoundException: src\src\main\java\nl\han\ica\HazardBattle\media\soldierKilled.txt (Het systeem kan het opgegeven pad niet vinden)
[2019-00-28 01:00:41.824] 
FAILURE: java.io.FileNotFoundException: src\src\main\java\nl\han\ica\HazardBattle\media\soldierKilled.txt (Het systeem kan het opgegeven pad niet vinden)
[2019-00-28 01:00:43.750] 
FAILURE: java.io.FileNotFoundException: src\src\main\java\nl\han\ica\HazardBattle\media\soldierKilled.txt (Het systeem kan het opgegeven pad niet vinden)
[2019-00-28 01:00:47.76] 
FAILURE: java.io.FileNotFoundException: src\src\main\java\nl\han\ica\HazardBattle\media\soldierKilled.txt (Het systeem kan het opgegeven pad niet vinden)
[2019-00-28 01:00:49.856] 
FAILURE: java.io.FileNotFoundException: src\src\main\java\nl\han\ica\HazardBattle\media\soldierKilled.txt (Het systeem kan het opgegeven pad niet vinden)
[2019-00-28 01:00:50.939] 
FAILURE: java.io.FileNotFoundException: src\src\main\java\nl\han\ica\HazardBattle\media\soldierKilled.txt (Het systeem kan het opgegeven pad niet vinden)
[2019-00-28 01:00:54.39] 
FAILURE: java.io.FileNotFoundException: src\src\main\java\nl\han\ica\HazardBattle\media\soldierKilled.txt (Het systeem kan het opgegeven pad niet vinden)
[2019-00-28 01:00:55.54] 
FAILURE: java.io.FileNotFoundException: src\src\main\java\nl\han\ica\HazardBattle\media\soldierKilled.txt (Het systeem kan het opgegeven pad niet vinden)
[2019-00-28 01:00:56.720] 
FAILURE: java.io.FileNotFoundException: src\src\main\java\nl\han\ica\HazardBattle\media\soldierKilled.txt (Het systeem kan het opgegeven pad niet vinden)
[2019-00-28 01:00:59.794] 
FAILURE: java.io.FileNotFoundException: src\src\main\java\nl\han\ica\HazardBattle\media\soldierKilled.txt (Het systeem kan het opgegeven pad niet vinden)
[2019-01-28 01:01:00.990] 
FAILURE: java.io.FileNotFoundException: src\src\main\java\nl\han\ica\HazardBattle\media\soldierKilled.txt (Het systeem kan het opgegeven pad niet vinden)
[2019-01-28 01:01:04.889] 
FAILURE: java.io.FileNotFoundException: src\src\main\java\nl\han\ica\HazardBattle\media\soldierKilled.txt (Het systeem kan het opgegeven pad niet vinden)
[2019-01-28 01:01:06.777] 
FAILURE: java.io.FileNotFoundException: src\src\main\java\nl\han\ica\HazardBattle\media\soldierKilled.txt (Het systeem kan het opgegeven pad niet vinden)
[2019-01-28 01:01:10.158] 
FAILURE: java.io.FileNotFoundException: src\src\main\java\nl\han\ica\HazardBattle\media\soldierKilled.txt (Het systeem kan het opgegeven pad niet vinden)
[2019-01-28 01:01:13.20] 
FAILURE: java.io.FileNotFoundException: src\src\main\java\nl\han\ica\HazardBattle\media\soldierKilled.txt (Het systeem kan het opgegeven pad niet vinden)
[2019-01-28 01:01:15.91] 
FAILURE: java.io.FileNotFoundException: src\src\main\java\nl\han\ica\HazardBattle\media\soldierKilled.txt (Het systeem kan het opgegeven pad niet vinden)
[2019-01-28 01:01:15.890] 
FAILURE: java.io.FileNotFoundException: src\src\main\java\nl\han\ica\HazardBattle\media\soldierKilled.txt (Het systeem kan het opgegeven pad niet vinden)
[2019-01-28 01:01:17.549] 
FAILURE: java.io.FileNotFoundException: src\src\main\java\nl\han\ica\HazardBattle\media\soldierKilled.txt (Het systeem kan het opgegeven pad niet vinden)
[2019-01-28 01:01:19.799] 
FAILURE: java.io.FileNotFoundException: src\src\main\java\nl\han\ica\HazardBattle\media\soldierKilled.txt (Het systeem kan het opgegeven pad niet vinden)
[2019-01-28 01:01:20.159] 
FAILURE: java.io.FileNotFoundException: src\src\main\java\nl\han\ica\HazardBattle\media\soldierKilled.txt (Het systeem kan het opgegeven pad niet vinden)
[2019-01-28 01:01:21.207] 
FAILURE: java.io.FileNotFoundException: src\src\main\java\nl\han\ica\HazardBattle\media\soldierKilled.txt (Het systeem kan het opgegeven pad niet vinden)
[2019-01-28 01:01:26.894] 
FAILURE: java.io.FileNotFoundException: src\src\main\java\nl\han\ica\HazardBattle\media\soldierKilled.txt (Het systeem kan het opgegeven pad niet vinden)
[2019-01-28 01:01:30.73] 
FAILURE: java.io.FileNotFoundException: src\src\main\java\nl\han\ica\HazardBattle\media\soldierKilled.txt (Het systeem kan het opgegeven pad niet vinden)
[2019-01-28 01:01:31.171] 
FAILURE: java.io.FileNotFoundException: src\src\main\java\nl\han\ica\HazardBattle\media\soldierKilled.txt (Het systeem kan het opgegeven pad niet vinden)
[2019-01-28 01:01:34.340] 
FAILURE: java.io.FileNotFoundException: src\src\main\java\nl\han\ica\HazardBattle\media\soldierKilled.txt (Het systeem kan het opgegeven pad niet vinden)
[2019-01-28 01:01:35.507] 
FAILURE: java.io.FileNotFoundException: src\src\main\java\nl\han\ica\HazardBattle\media\soldierKilled.txt (Het systeem kan het opgegeven pad niet vinden)
[2019-01-28 01:01:37.377] 
FAILURE: java.io.FileNotFoundException: src\src\main\java\nl\han\ica\HazardBattle\media\soldierKilled.txt (Het systeem kan het opgegeven pad niet vinden)
[2019-01-28 01:01:39.782] 
FAILURE: java.io.FileNotFoundException: src\src\main\java\nl\han\ica\HazardBattle\media\soldierKilled.txt (Het systeem kan het opgegeven pad niet vinden)
[2019-01-28 01:01:40.979] 
FAILURE: java.io.FileNotFoundException: src\src\main\java\nl\han\ica\HazardBattle\media\soldierKilled.txt (Het systeem kan het opgegeven pad niet vinden)
[2019-25-28 01:25:54.548] 
FAILURE: java.io.FileNotFoundException: src\src\main\java\nl\han\ica\HazardBattle\media\soldierKilled.txt (Het systeem kan het opgegeven pad niet vinden)
[2019-25-28 01:25:57.220] 
FAILURE: java.io.FileNotFoundException: src\src\main\java\nl\han\ica\HazardBattle\media\soldierKilled.txt (Het systeem kan het opgegeven pad niet vinden)
[2019-25-28 01:25:59.8] 
FAILURE: java.io.FileNotFoundException: src\src\main\java\nl\han\ica\HazardBattle\media\soldierKilled.txt (Het systeem kan het opgegeven pad niet vinden)
[2019-26-28 01:26:01.692] 
FAILURE: java.io.FileNotFoundException: src\src\main\java\nl\han\ica\HazardBattle\media\soldierKilled.txt (Het systeem kan het opgegeven pad niet vinden)
[2019-26-28 01:26:04.33] 
FAILURE: java.io.FileNotFoundException: src\src\main\java\nl\han\ica\HazardBattle\media\soldierKilled.txt (Het systeem kan het opgegeven pad niet vinden)
[2019-26-28 01:26:09.697] 
FAILURE: java.io.FileNotFoundException: src\src\main\java\nl\han\ica\HazardBattle\media\soldierKilled.txt (Het systeem kan het opgegeven pad niet vinden)
[2019-26-28 01:26:10.502] 
FAILURE: java.io.FileNotFoundException: src\src\main\java\nl\han\ica\HazardBattle\media\soldierKilled.txt (Het systeem kan het opgegeven pad niet vinden)
[2019-26-28 01:26:12.199] 
FAILURE: java.io.FileNotFoundException: src\src\main\java\nl\han\ica\HazardBattle\media\soldierKilled.txt (Het systeem kan het opgegeven pad niet vinden)
[2019-26-28 01:26:13.363] 
FAILURE: java.io.FileNotFoundException: src\src\main\java\nl\han\ica\HazardBattle\media\soldierKilled.txt (Het systeem kan het opgegeven pad niet vinden)
[2019-26-28 01:26:15.99] 
FAILURE: java.io.FileNotFoundException: src\src\main\java\nl\han\ica\HazardBattle\media\soldierKilled.txt (Het systeem kan het opgegeven pad niet vinden)
[2019-26-28 01:26:17.261] 
FAILURE: java.io.FileNotFoundException: src\src\main\java\nl\han\ica\HazardBattle\media\soldierKilled.txt (Het systeem kan het opgegeven pad niet vinden)
[2019-26-28 01:26:19.914] 
FAILURE: java.io.FileNotFoundException: src\src\main\java\nl\han\ica\HazardBattle\media\soldierKilled.txt (Het systeem kan het opgegeven pad niet vinden)
[2019-26-28 01:26:21.143] 
FAILURE: java.io.FileNotFoundException: src\src\main\java\nl\han\ica\HazardBattle\media\soldierKilled.txt (Het systeem kan het opgegeven pad niet vinden)
[2019-26-28 01:26:23.76] 
FAILURE: java.io.FileNotFoundException: src\src\main\java\nl\han\ica\HazardBattle\media\soldierKilled.txt (Het systeem kan het opgegeven pad niet vinden)
[2019-26-28 01:26:24.680] 
FAILURE: java.io.FileNotFoundException: src\src\main\java\nl\han\ica\HazardBattle\media\soldierKilled.txt (Het systeem kan het opgegeven pad niet vinden)
[2019-26-28 01:26:28.497] 
FAILURE: java.io.FileNotFoundException: src\src\main\java\nl\han\ica\HazardBattle\media\soldierKilled.txt (Het systeem kan het opgegeven pad niet vinden)
[2019-26-28 01:26:30.216] 
FAILURE: java.io.FileNotFoundException: src\src\main\java\nl\han\ica\HazardBattle\media\soldierKilled.txt (Het systeem kan het opgegeven pad niet vinden)
[2019-26-28 01:26:33.29] 
FAILURE: java.io.FileNotFoundException: src\src\main\java\nl\han\ica\HazardBattle\media\soldierKilled.txt (Het systeem kan het opgegeven pad niet vinden)
[2019-26-28 01:26:33.952] 
FAILURE: java.io.FileNotFoundException: src\src\main\java\nl\han\ica\HazardBattle\media\soldierKilled.txt (Het systeem kan het opgegeven pad niet vinden)
[2019-26-28 01:26:35.977] 
FAILURE: java.io.FileNotFoundException: src\src\main\java\nl\han\ica\HazardBattle\media\soldierKilled.txt (Het systeem kan het opgegeven pad niet vinden)
[2019-26-28 01:26:37.145] 
FAILURE: java.io.FileNotFoundException: src\src\main\java\nl\han\ica\HazardBattle\media\soldierKilled.txt (Het systeem kan het opgegeven pad niet vinden)
[2019-26-28 01:26:39.403] 
FAILURE: java.io.FileNotFoundException: src\src\main\java\nl\han\ica\HazardBattle\media\soldierKilled.txt (Het systeem kan het opgegeven pad niet vinden)
[2019-26-28 01:26:40.695] 
FAILURE: java.io.FileNotFoundException: src\src\main\java\nl\han\ica\HazardBattle\media\soldierKilled.txt (Het systeem kan het opgegeven pad niet vinden)
[2019-26-28 01:26:42.161] 
FAILURE: java.io.FileNotFoundException: src\src\main\java\nl\han\ica\HazardBattle\media\soldierKilled.txt (Het systeem kan het opgegeven pad niet vinden)
[2019-31-28 01:31:28.924] 
FAILURE: java.io.FileNotFoundException: src\src\main\java\nl\han\ica\HazardBattle\media\soldierKilled.txt (Het systeem kan het opgegeven pad niet vinden)
[2019-31-28 01:31:30.749] 
FAILURE: java.io.FileNotFoundException: src\src\main\java\nl\han\ica\HazardBattle\media\soldierKilled.txt (Het systeem kan het opgegeven pad niet vinden)
[2019-31-28 01:31:32.197] 
FAILURE: java.io.FileNotFoundException: src\src\main\java\nl\han\ica\HazardBattle\media\soldierKilled.txt (Het systeem kan het opgegeven pad niet vinden)
[2019-31-28 01:31:34.431] 
FAILURE: java.io.FileNotFoundException: src\src\main\java\nl\han\ica\HazardBattle\media\soldierKilled.txt (Het systeem kan het opgegeven pad niet vinden)
[2019-31-28 01:31:36.630] 
FAILURE: java.io.FileNotFoundException: src\src\main\java\nl\han\ica\HazardBattle\media\soldierKilled.txt (Het systeem kan het opgegeven pad niet vinden)
[2019-31-28 01:31:39.626] 
FAILURE: java.io.FileNotFoundException: src\src\main\java\nl\han\ica\HazardBattle\media\soldierKilled.txt (Het systeem kan het opgegeven pad niet vinden)
[2019-31-28 01:31:42.585] 
FAILURE: java.io.FileNotFoundException: src\src\main\java\nl\han\ica\HazardBattle\media\soldierKilled.txt (Het systeem kan het opgegeven pad niet vinden)
[2019-31-28 01:31:43.892] 
FAILURE: java.io.FileNotFoundException: src\src\main\java\nl\han\ica\HazardBattle\media\soldierKilled.txt (Het systeem kan het opgegeven pad niet vinden)
[2019-31-28 01:31:45.660] 
FAILURE: java.io.FileNotFoundException: src\src\main\java\nl\han\ica\HazardBattle\media\soldierKilled.txt (Het systeem kan het opgegeven pad niet vinden)
[2019-31-28 01:31:46.940] 
FAILURE: java.io.FileNotFoundException: src\src\main\java\nl\han\ica\HazardBattle\media\soldierKilled.txt (Het systeem kan het opgegeven pad niet vinden)
[2019-31-28 01:31:49.604] 
FAILURE: java.io.FileNotFoundException: src\src\main\java\nl\han\ica\HazardBattle\media\soldierKilled.txt (Het systeem kan het opgegeven pad niet vinden)
[2019-31-28 01:31:52.792] 
FAILURE: java.io.FileNotFoundException: src\src\main\java\nl\han\ica\HazardBattle\media\soldierKilled.txt (Het systeem kan het opgegeven pad niet vinden)
[2019-31-28 01:31:55.305] 
FAILURE: java.io.FileNotFoundException: src\src\main\java\nl\han\ica\HazardBattle\media\soldierKilled.txt (Het systeem kan het opgegeven pad niet vinden)
[2019-31-28 01:31:56.661] 
FAILURE: java.io.FileNotFoundException: src\src\main\java\nl\han\ica\HazardBattle\media\soldierKilled.txt (Het systeem kan het opgegeven pad niet vinden)
[2019-31-28 01:31:57.538] 
FAILURE: java.io.FileNotFoundException: src\src\main\java\nl\han\ica\HazardBattle\media\soldierKilled.txt (Het systeem kan het opgegeven pad niet vinden)
[2019-06-02 11:06:26.706] 
FAILURE: java.io.FileNotFoundException: src\src\main\java\nl\han\ica\HazardBattle\media\soldierKilled.txt (Het systeem kan het opgegeven pad niet vinden)
[2019-06-02 11:06:28.823] 
FAILURE: java.io.FileNotFoundException: src\src\main\java\nl\han\ica\HazardBattle\media\soldierKilled.txt (Het systeem kan het opgegeven pad niet vinden)
[2019-06-02 11:06:32.534] 
FAILURE: java.io.FileNotFoundException: src\src\main\java\nl\han\ica\HazardBattle\media\soldierKilled.txt (Het systeem kan het opgegeven pad niet vinden)
[2019-06-02 11:06:34.637] 
FAILURE: java.io.FileNotFoundException: src\src\main\java\nl\han\ica\HazardBattle\media\soldierKilled.txt (Het systeem kan het opgegeven pad niet vinden)
[2019-06-02 11:06:38.930] 
FAILURE: java.io.FileNotFoundException: src\src\main\java\nl\han\ica\HazardBattle\media\soldierKilled.txt (Het systeem kan het opgegeven pad niet vinden)
[2019-06-02 11:06:40.845] 
FAILURE: java.io.FileNotFoundException: src\src\main\java\nl\han\ica\HazardBattle\media\soldierKilled.txt (Het systeem kan het opgegeven pad niet vinden)
[2019-06-02 11:06:44.513] 
FAILURE: java.io.FileNotFoundException: src\src\main\java\nl\han\ica\HazardBattle\media\soldierKilled.txt (Het systeem kan het opgegeven pad niet vinden)
[2019-06-02 11:06:45.616] 
FAILURE: java.io.FileNotFoundException: src\src\main\java\nl\han\ica\HazardBattle\media\soldierKilled.txt (Het systeem kan het opgegeven pad niet vinden)
[2019-06-02 11:06:47.314] 
FAILURE: java.io.FileNotFoundException: src\src\main\java\nl\han\ica\HazardBattle\media\soldierKilled.txt (Het systeem kan het opgegeven pad niet vinden)
[2019-06-02 11:06:49.175] 
FAILURE: java.io.FileNotFoundException: src\src\main\java\nl\han\ica\HazardBattle\media\soldierKilled.txt (Het systeem kan het opgegeven pad niet vinden)
[2019-06-02 11:06:51.108] 
FAILURE: java.io.FileNotFoundException: src\src\main\java\nl\han\ica\HazardBattle\media\soldierKilled.txt (Het systeem kan het opgegeven pad niet vinden)
[2019-06-02 11:06:54.727] 
FAILURE: java.io.FileNotFoundException: src\src\main\java\nl\han\ica\HazardBattle\media\soldierKilled.txt (Het systeem kan het opgegeven pad niet vinden)
[2019-06-02 11:06:56.557] 
FAILURE: java.io.FileNotFoundException: src\src\main\java\nl\han\ica\HazardBattle\media\soldierKilled.txt (Het systeem kan het opgegeven pad niet vinden)
[2019-06-02 11:06:58.133] 
FAILURE: java.io.FileNotFoundException: src\src\main\java\nl\han\ica\HazardBattle\media\soldierKilled.txt (Het systeem kan het opgegeven pad niet vinden)
[2019-07-02 11:07:02.328] 
FAILURE: java.io.FileNotFoundException: src\src\main\java\nl\han\ica\HazardBattle\media\soldierKilled.txt (Het systeem kan het opgegeven pad niet vinden)
[2019-07-02 11:07:04.112] 
FAILURE: java.io.FileNotFoundException: src\src\main\java\nl\han\ica\HazardBattle\media\soldierKilled.txt (Het systeem kan het opgegeven pad niet vinden)
[2019-07-02 11:07:05.95] 
FAILURE: java.io.FileNotFoundException: src\src\main\java\nl\han\ica\HazardBattle\media\soldierKilled.txt (Het systeem kan het opgegeven pad niet vinden)
[2019-07-02 11:07:06.596] 
FAILURE: java.io.FileNotFoundException: src\src\main\java\nl\han\ica\HazardBattle\media\soldierKilled.txt (Het systeem kan het opgegeven pad niet vinden)
[2019-07-02 11:07:09.229] 
FAILURE: java.io.FileNotFoundException: src\src\main\java\nl\han\ica\HazardBattle\media\soldierKilled.txt (Het systeem kan het opgegeven pad niet vinden)
[2019-07-02 11:07:11.242] 
FAILURE: java.io.FileNotFoundException: src\src\main\java\nl\han\ica\HazardBattle\media\soldierKilled.txt (Het systeem kan het opgegeven pad niet vinden)
[2019-07-02 11:07:13.744] 
FAILURE: java.io.FileNotFoundException: src\src\main\java\nl\han\ica\HazardBattle\media\soldierKilled.txt (Het systeem kan het opgegeven pad niet vinden)
[2019-07-02 11:07:15.494] 
FAILURE: java.io.FileNotFoundException: src\src\main\java\nl\han\ica\HazardBattle\media\soldierKilled.txt (Het systeem kan het opgegeven pad niet vinden)
[2019-07-02 11:07:17.476] 
FAILURE: java.io.FileNotFoundException: src\src\main\java\nl\han\ica\HazardBattle\media\soldierKilled.txt (Het systeem kan het opgegeven pad niet vinden)
[2019-07-02 11:07:20.414] 
FAILURE: java.io.FileNotFoundException: src\src\main\java\nl\han\ica\HazardBattle\media\soldierKilled.txt (Het systeem kan het opgegeven pad niet vinden)
[2019-07-02 11:07:27.414] 
FAILURE: java.io.FileNotFoundException: src\src\main\java\nl\han\ica\HazardBattle\media\soldierKilled.txt (Het systeem kan het opgegeven pad niet vinden)
[2019-07-02 11:07:29.811] 
FAILURE: java.io.FileNotFoundException: src\src\main\java\nl\han\ica\HazardBattle\media\soldierKilled.txt (Het systeem kan het opgegeven pad niet vinden)
[2019-07-02 11:07:31.365] 
FAILURE: java.io.FileNotFoundException: src\src\main\java\nl\han\ica\HazardBattle\media\soldierKilled.txt (Het systeem kan het opgegeven pad niet vinden)
[2019-07-02 11:07:33.362] 
FAILURE: java.io.FileNotFoundException: src\src\main\java\nl\han\ica\HazardBattle\media\soldierKilled.txt (Het systeem kan het opgegeven pad niet vinden)
[2019-07-02 11:07:35.693] 
FAILURE: java.io.FileNotFoundException: src\src\main\java\nl\han\ica\HazardBattle\media\soldierKilled.txt (Het systeem kan het opgegeven pad niet vinden)
[2019-07-02 11:07:37.395] 
FAILURE: java.io.FileNotFoundException: src\src\main\java\nl\han\ica\HazardBattle\media\soldierKilled.txt (Het systeem kan het opgegeven pad niet vinden)
[2019-07-02 11:07:38.575] 
FAILURE: java.io.FileNotFoundException: src\src\main\java\nl\han\ica\HazardBattle\media\soldierKilled.txt (Het systeem kan het opgegeven pad niet vinden)
[2019-07-02 11:07:39.581] 
FAILURE: java.io.FileNotFoundException: src\src\main\java\nl\han\ica\HazardBattle\media\soldierKilled.txt (Het systeem kan het opgegeven pad niet vinden)
[2019-07-02 11:07:44.349] 
FAILURE: java.io.FileNotFoundException: src\src\main\java\nl\han\ica\HazardBattle\media\soldierKilled.txt (Het systeem kan het opgegeven pad niet vinden)
[2019-07-02 11:07:46.691] 
FAILURE: java.io.FileNotFoundException: src\src\main\java\nl\han\ica\HazardBattle\media\soldierKilled.txt (Het systeem kan het opgegeven pad niet vinden)
[2019-07-02 11:07:48.612] 
FAILURE: java.io.FileNotFoundException: src\src\main\java\nl\han\ica\HazardBattle\media\soldierKilled.txt (Het systeem kan het opgegeven pad niet vinden)
[2019-07-02 11:07:49.680] 
FAILURE: java.io.FileNotFoundException: src\src\main\java\nl\han\ica\HazardBattle\media\soldierKilled.txt (Het systeem kan het opgegeven pad niet vinden)
[2019-07-02 11:07:51.500] 
FAILURE: java.io.FileNotFoundException: src\src\main\java\nl\han\ica\HazardBattle\media\soldierKilled.txt (Het systeem kan het opgegeven pad niet vinden)
[2019-07-02 11:07:53.527] 
FAILURE: java.io.FileNotFoundException: src\src\main\java\nl\han\ica\HazardBattle\media\soldierKilled.txt (Het systeem kan het opgegeven pad niet vinden)
[2019-07-02 11:07:57.52] 
FAILURE: java.io.FileNotFoundException: src\src\main\java\nl\han\ica\HazardBattle\media\soldierKilled.txt (Het systeem kan het opgegeven pad niet vinden)
[2019-07-02 11:07:58.579] 
FAILURE: java.io.FileNotFoundException: src\src\main\java\nl\han\ica\HazardBattle\media\soldierKilled.txt (Het systeem kan het opgegeven pad niet vinden)
[2019-08-02 11:08:00.812] 
FAILURE: java.io.FileNotFoundException: src\src\main\java\nl\han\ica\HazardBattle\media\soldierKilled.txt (Het systeem kan het opgegeven pad niet vinden)
[2019-08-02 11:08:02.789] 
FAILURE: java.io.FileNotFoundException: src\src\main\java\nl\han\ica\HazardBattle\media\soldierKilled.txt (Het systeem kan het opgegeven pad niet vinden)
[2019-09-02 12:09:11.249] 
FAILURE: java.io.FileNotFoundException: src\src\main\java\nl\han\ica\HazardBattle\media\soldierKilled.txt (Het systeem kan het opgegeven pad niet vinden)
[2019-09-02 12:09:13.463] 
FAILURE: java.io.FileNotFoundException: src\src\main\java\nl\han\ica\HazardBattle\media\soldierKilled.txt (Het systeem kan het opgegeven pad niet vinden)
[2019-09-02 12:09:14.605] 
FAILURE: java.io.FileNotFoundException: src\src\main\java\nl\han\ica\HazardBattle\media\soldierKilled.txt (Het systeem kan het opgegeven pad niet vinden)
[2019-09-02 12:09:18.52] 
FAILURE: java.io.FileNotFoundException: src\src\main\java\nl\han\ica\HazardBattle\media\soldierKilled.txt (Het systeem kan het opgegeven pad niet vinden)
[2019-09-02 12:09:19.150] 
FAILURE: java.io.FileNotFoundException: src\src\main\java\nl\han\ica\HazardBattle\media\soldierKilled.txt (Het systeem kan het opgegeven pad niet vinden)
[2019-09-02 12:09:22.915] 
FAILURE: java.io.FileNotFoundException: src\src\main\java\nl\han\ica\HazardBattle\media\soldierKilled.txt (Het systeem kan het opgegeven pad niet vinden)
[2019-09-02 12:09:26.848] 
FAILURE: java.io.FileNotFoundException: src\src\main\java\nl\han\ica\HazardBattle\media\soldierKilled.txt (Het systeem kan het opgegeven pad niet vinden)
[2019-09-02 12:09:28.956] 
FAILURE: java.io.FileNotFoundException: src\src\main\java\nl\han\ica\HazardBattle\media\soldierKilled.txt (Het systeem kan het opgegeven pad niet vinden)
[2019-09-02 12:09:30.556] 
FAILURE: java.io.FileNotFoundException: src\src\main\java\nl\han\ica\HazardBattle\media\soldierKilled.txt (Het systeem kan het opgegeven pad niet vinden)
[2019-09-02 12:09:31.743] 
FAILURE: java.io.FileNotFoundException: src\src\main\java\nl\han\ica\HazardBattle\media\soldierKilled.txt (Het systeem kan het opgegeven pad niet vinden)
[2019-09-02 12:09:35.64] 
FAILURE: java.io.FileNotFoundException: src\src\main\java\nl\han\ica\HazardBattle\media\soldierKilled.txt (Het systeem kan het opgegeven pad niet vinden)
[2019-09-02 12:09:36.174] 
FAILURE: java.io.FileNotFoundException: src\src\main\java\nl\han\ica\HazardBattle\media\soldierKilled.txt (Het systeem kan het opgegeven pad niet vinden)
[2019-09-02 12:09:37.310] 
FAILURE: java.io.FileNotFoundException: src\src\main\java\nl\han\ica\HazardBattle\media\soldierKilled.txt (Het systeem kan het opgegeven pad niet vinden)
[2019-09-02 12:09:39.524] 
FAILURE: java.io.FileNotFoundException: src\src\main\java\nl\han\ica\HazardBattle\media\soldierKilled.txt (Het systeem kan het opgegeven pad niet vinden)
[2019-09-02 12:09:42.843] 
FAILURE: java.io.FileNotFoundException: src\src\main\java\nl\han\ica\HazardBattle\media\soldierKilled.txt (Het systeem kan het opgegeven pad niet vinden)
[2019-09-02 12:09:44.943] 
FAILURE: java.io.FileNotFoundException: src\src\main\java\nl\han\ica\HazardBattle\media\soldierKilled.txt (Het systeem kan het opgegeven pad niet vinden)
[2019-09-02 12:09:46.859] 
FAILURE: java.io.FileNotFoundException: src\src\main\java\nl\han\ica\HazardBattle\media\soldierKilled.txt (Het systeem kan het opgegeven pad niet vinden)
[2019-09-02 12:09:49.597] 
FAILURE: java.io.FileNotFoundException: src\src\main\java\nl\han\ica\HazardBattle\media\soldierKilled.txt (Het systeem kan het opgegeven pad niet vinden)
[2019-09-02 12:09:49.972] 
FAILURE: java.io.FileNotFoundException: src\src\main\java\nl\han\ica\HazardBattle\media\soldierKilled.txt (Het systeem kan het opgegeven pad niet vinden)
[2019-09-02 12:09:52.891] 
FAILURE: java.io.FileNotFoundException: src\src\main\java\nl\han\ica\HazardBattle\media\soldierKilled.txt (Het systeem kan het opgegeven pad niet vinden)
[2019-09-02 12:09:53.222] 
FAILURE: java.io.FileNotFoundException: src\src\main\java\nl\han\ica\HazardBattle\media\soldierKilled.txt (Het systeem kan het opgegeven pad niet vinden)
[2019-09-02 12:09:55.338] 
FAILURE: java.io.FileNotFoundException: src\src\main\java\nl\han\ica\HazardBattle\media\soldierKilled.txt (Het systeem kan het opgegeven pad niet vinden)
[2019-09-02 12:09:58.476] 
FAILURE: java.io.FileNotFoundException: src\src\main\java\nl\han\ica\HazardBattle\media\soldierKilled.txt (Het systeem kan het opgegeven pad niet vinden)
[2019-09-02 12:09:59.473] 
FAILURE: java.io.FileNotFoundException: src\src\main\java\nl\han\ica\HazardBattle\media\soldierKilled.txt (Het systeem kan het opgegeven pad niet vinden)
[2019-10-02 12:10:02.608] 
FAILURE: java.io.FileNotFoundException: src\src\main\java\nl\han\ica\HazardBattle\media\soldierKilled.txt (Het systeem kan het opgegeven pad niet vinden)
